<?xml version="1.0" encoding="UTF-8"?>
<testsuite xmlns:xsi="http://www.w3.org/2001/XMLSchema-instance" xsi:noNamespaceSchemaLocation="https://maven.apache.org/surefire/maven-surefire-plugin/xsd/surefire-test-report-3.0.xsd" version="3.0" name="org.example.ese1marika.Ese1MarikaApplicationTests" time="1.089" tests="1" errors="0" skipped="0" failures="0">
  <properties>
[...]
</properties>
  <testcase name="contextLoads" classname="org.example.ese1marika.Ese1MarikaApplicationTests" time="0.417">
    <system-out><![CDATA[11:49:37.316 [main] INFO org.springframework.test.context.support.AnnotationConfigContextLoaderUtils -- Could not detect default configuration classes for test class [org.example.ese1marika.Ese1MarikaApplicationTests]: Ese1MarikaApplicationTests does not declare any static, non-private, non-final, nested classes annotated with @Configuration.
11:49:37.356 [main] INFO org.springframework.boot.test.context.SpringBootTestContextBootstrapper -- Found @SpringBootConfiguration org.example.ese1marika.Ese1MarikaApplication for test class org.example.ese1marika.Ese1MarikaApplicationTests
11:49:37.414 [main] INFO org.springframework.boot.devtools.restart.RestartApplicationListener -- Restart disabled due to context in which it is running

  .   ____          _            __ _ _
 /\\ / ___'_ __ _ _(_)_ __  __ _ \ \ \ \
( ( )\___ | '_ | '_| | '_ \/ _` | \ \ \ \
 \\/  ___)| |_)| | | | | || (_| |  ) ) ) )
  '  |____| .__|_| |_|_| |_\__, | / / / /
 =========|_|==============|___/=/_/_/_/

 :: Spring Boot ::                (v3.3.4)

2024-10-20T11:49:37.507+02:00  INFO 1593 --- [ese 1-marika] [           main] o.e.e.Ese1MarikaApplicationTests         : Starting Ese1MarikaApplicationTests using Java 21.0.1 with PID 1593 (started by marikafoti in /Users/marikafoti/IdeaProjects/ese 1-marika)
2024-10-20T11:49:37.508+02:00  INFO 1593 --- [ese 1-marika] [           main] o.e.e.Ese1MarikaApplicationTests         : No active profile set, falling back to 1 default profile: "default"
2024-10-20T11:49:37.909+02:00  INFO 1593 --- [ese 1-marika] [           main] o.e.e.Ese1MarikaApplicationTests         : Started Ese1MarikaApplicationTests in 0.5 seconds (process running for 0.893)
]]></system-out>
    <system-err><![CDATA[WARNING: A Java agent has been loaded dynamically (/Users/marikafoti/.m2/repository/net/bytebuddy/byte-buddy-agent/1.14.19/byte-buddy-agent-1.14.19.jar)
WARNING: If a serviceability tool is in use, please run with -XX:+EnableDynamicAgentLoading to hide this warning
WARNING: If a serviceability tool is not in use, please run with -Djdk.instrument.traceUsage for more information
WARNING: Dynamic loading of agents will be disallowed by default in a future release
]]></system-err>
  </testcase>
</testsuite>